<?xml version="1.0" encoding="UTF-8"?>
<!-- Generated by org.testng.reporters.JUnitXMLReporter -->
<testsuite hostname="innoraft-Lenovo-G50-70" ignored="0" name="Guru99Bank HomePage test" tests="4" failures="0" timestamp="19 Mar 2019 12:37:24 GMT" time="46.959" errors="0">
  <testcase name="VerifyHomePageTitleTest" time="0.052" classname="com.G99Bank.qa.Testcases.HomePageTest"/>
  <testcase name="verifyUserCredTest" time="0.116" classname="com.G99Bank.qa.Testcases.HomePageTest"/>
  <testcase name="ClickOnNewCustomerLinkTest" time="1.317" classname="com.G99Bank.qa.Testcases.HomePageTest"/>
  <testcase name="ClickOnEditCustomerLinkTest" time="1.397" classname="com.G99Bank.qa.Testcases.HomePageTest"/>
</testsuite> <!-- Guru99Bank HomePage test -->
