<?xml version="1.0" encoding="UTF-8"?>
<!-- Generated by org.testng.reporters.JUnitXMLReporter -->
<testsuite hostname="innoraft-Lenovo-G50-70" ignored="0" name="Guru99Bank NewCustomerPage test" tests="2" failures="0" timestamp="19 Mar 2019 12:37:48 GMT" time="24.546" errors="0">
  <testcase name="VerifyNewCustomerTitleTest" time="0.047" classname="com.G99Bank.qa.Testcases.NewCustomerPageTest"/>
  <testcase name="verifyAddCustomertextTest" time="0.112" classname="com.G99Bank.qa.Testcases.NewCustomerPageTest"/>
</testsuite> <!-- Guru99Bank NewCustomerPage test -->
