<?xml version="1.0" encoding="UTF-8"?>
<!-- Generated by org.testng.reporters.JUnitXMLReporter -->
<testsuite hostname="innoraft-Lenovo-G50-70" ignored="0" name="Guru99Bank LoginPage test" tests="3" failures="0" timestamp="19 Mar 2019 12:36:37 GMT" time="25.208" errors="0">
  <testcase name="LoginPageTitleTest" time="0.378" classname="com.G99Bank.qa.Testcases.LoginPageTest"/>
  <testcase name="G99LogoTest" time="0.672" classname="com.G99Bank.qa.Testcases.LoginPageTest"/>
  <testcase name="logintest" time="1.472" classname="com.G99Bank.qa.Testcases.LoginPageTest"/>
</testsuite> <!-- Guru99Bank LoginPage test -->
