<?xml version="1.0" encoding="UTF-8"?>
<!-- Generated by org.testng.reporters.JUnitXMLReporter -->
<testsuite hostname="innoraft-Lenovo-G50-70" ignored="0" name="Guru99Bank regression test" tests="4" failures="0" timestamp="19 Mar 2019 12:28:08 GMT" time="41.586" errors="0">
  <testcase name="LoginPageTitleTest" time="0.351" classname="com.G99Bank.qa.Testcases.LoginPageTest"/>
  <testcase name="VerifyHomePageTitleTest" time="0.032" classname="com.G99Bank.qa.Testcases.HomePageTest"/>
  <testcase name="VerifyNewCustomerTitleTest" time="0.03" classname="com.G99Bank.qa.Testcases.NewCustomerPageTest"/>
  <testcase name="G99LogoTest" time="0.691" classname="com.G99Bank.qa.Testcases.LoginPageTest"/>
</testsuite> <!-- Guru99Bank regression test -->
