<?xml version="1.0" encoding="UTF-8"?>
<!-- Generated by org.testng.reporters.JUnitXMLReporter -->
<testsuite hostname="innoraft-Lenovo-G50-70" ignored="0" name="Default test" tests="4" failures="0" timestamp="28 Mar 2019 07:08:56 GMT" time="50.115" errors="0">
  <testcase name="validateNewCustomerForm" time="1.806" classname="com.G99Bank.qa.Testcases.NewCustomerPageTest"/>
  <testcase name="validateNewCustomerForm" time="3.014" classname="com.G99Bank.qa.Testcases.NewCustomerPageTest"/>
  <testcase name="validateNewCustomerForm" time="2.716" classname="com.G99Bank.qa.Testcases.NewCustomerPageTest"/>
  <testcase name="validateNewCustomerForm" time="2.996" classname="com.G99Bank.qa.Testcases.NewCustomerPageTest"/>
</testsuite> <!-- Default test -->
