<?xml version="1.0" encoding="UTF-8"?>
<!-- Generated by org.testng.reporters.JUnitXMLReporter -->
<testsuite hostname="innoraft-Lenovo-G50-70" ignored="0" name="Default test" tests="6" failures="0" timestamp="02 Apr 2019 09:27:14 GMT" time="86.34" errors="0">
  <testcase name="VerifyNewCustomerTitleTest" time="0.084" classname="com.G99Bank.qa.Testcases.NewCustomerPageTest"/>
  <testcase name="verifyAddCustomertextTest" time="0.085" classname="com.G99Bank.qa.Testcases.NewCustomerPageTest"/>
  <testcase name="validateNewCustomerForm" time="3.738" classname="com.G99Bank.qa.Testcases.NewCustomerPageTest"/>
  <testcase name="validateNewCustomerForm" time="3.794" classname="com.G99Bank.qa.Testcases.NewCustomerPageTest"/>
  <testcase name="validateNewCustomerForm" time="4.17" classname="com.G99Bank.qa.Testcases.NewCustomerPageTest"/>
  <testcase name="validateNewCustomerForm" time="3.557" classname="com.G99Bank.qa.Testcases.NewCustomerPageTest"/>
</testsuite> <!-- Default test -->
