<?xml version="1.0" encoding="UTF-8"?>
<testng-results skipped="0" failed="0" ignored="0" total="2" passed="2">
  <reporter-output>
  </reporter-output>
  <suite name="Default suite" duration-ms="21528" started-at="2019-03-05T16:42:23Z" finished-at="2019-03-05T16:42:44Z">
    <groups>
    </groups>
    <test name="Default test" duration-ms="21528" started-at="2019-03-05T16:42:23Z" finished-at="2019-03-05T16:42:44Z">
      <class name="com.G99Bank.qa.Testcases.NewCustomerPageTest">
        <test-method status="PASS" signature="setUp()[pri:0, instance:com.G99Bank.qa.Testcases.NewCustomerPageTest@754ba872]" name="setUp" is-config="true" duration-ms="10609" started-at="2019-03-05T16:42:23Z" finished-at="2019-03-05T16:42:33Z">
          <reporter-output>
          </reporter-output>
        </test-method> <!-- setUp -->
        <test-method status="PASS" signature="VerifyNewCustomerTitleTest()[pri:1, instance:com.G99Bank.qa.Testcases.NewCustomerPageTest@754ba872]" name="VerifyNewCustomerTitleTest" duration-ms="30" started-at="2019-03-05T16:42:33Z" finished-at="2019-03-05T16:42:33Z">
          <reporter-output>
          </reporter-output>
        </test-method> <!-- VerifyNewCustomerTitleTest -->
        <test-method status="PASS" signature="tearDown()[pri:0, instance:com.G99Bank.qa.Testcases.NewCustomerPageTest@754ba872]" name="tearDown" is-config="true" duration-ms="81" started-at="2019-03-05T16:42:33Z" finished-at="2019-03-05T16:42:33Z">
          <reporter-output>
          </reporter-output>
        </test-method> <!-- tearDown -->
        <test-method status="PASS" signature="setUp()[pri:0, instance:com.G99Bank.qa.Testcases.NewCustomerPageTest@754ba872]" name="setUp" is-config="true" duration-ms="10575" started-at="2019-03-05T16:42:33Z" finished-at="2019-03-05T16:42:44Z">
          <reporter-output>
          </reporter-output>
        </test-method> <!-- setUp -->
        <test-method status="PASS" signature="verifyAddCustomertextTest()[pri:2, instance:com.G99Bank.qa.Testcases.NewCustomerPageTest@754ba872]" name="verifyAddCustomertextTest" duration-ms="100" started-at="2019-03-05T16:42:44Z" finished-at="2019-03-05T16:42:44Z">
          <reporter-output>
          </reporter-output>
        </test-method> <!-- verifyAddCustomertextTest -->
        <test-method status="PASS" signature="tearDown()[pri:0, instance:com.G99Bank.qa.Testcases.NewCustomerPageTest@754ba872]" name="tearDown" is-config="true" duration-ms="77" started-at="2019-03-05T16:42:44Z" finished-at="2019-03-05T16:42:44Z">
          <reporter-output>
          </reporter-output>
        </test-method> <!-- tearDown -->
      </class> <!-- com.G99Bank.qa.Testcases.NewCustomerPageTest -->
    </test> <!-- Default test -->
  </suite> <!-- Default suite -->
</testng-results>
