<?xml version="1.0" encoding="UTF-8"?>
<testng-results skipped="0" failed="0" ignored="0" total="4" passed="4">
  <reporter-output>
  </reporter-output>
  <suite name="Default suite" duration-ms="50115" started-at="2019-03-28T07:08:06Z" finished-at="2019-03-28T07:08:56Z">
    <groups>
    </groups>
    <test name="Default test" duration-ms="50115" started-at="2019-03-28T07:08:06Z" finished-at="2019-03-28T07:08:56Z">
      <class name="com.G99Bank.qa.Testcases.NewCustomerPageTest">
        <test-method status="PASS" signature="setUp()[pri:0, instance:com.G99Bank.qa.Testcases.NewCustomerPageTest@464bee09]" name="setUp" is-config="true" duration-ms="10255" started-at="2019-03-28T07:08:07Z" finished-at="2019-03-28T07:08:17Z">
          <reporter-output>
          </reporter-output>
        </test-method> <!-- setUp -->
        <test-method status="PASS" signature="validateNewCustomerForm(java.lang.String, java.lang.String, java.lang.String, java.lang.String, java.lang.String, java.lang.String, java.lang.String, java.lang.String, java.lang.String, java.lang.String)[pri:3, instance:com.G99Bank.qa.Testcases.NewCustomerPageTest@464bee09]" name="validateNewCustomerForm" duration-ms="1806" started-at="2019-03-28T07:08:17Z" data-provider="getNewCustomerData" finished-at="2019-03-28T07:08:19Z">
          <params>
            <param index="0">
              <value>
                <![CDATA[pavan sisodia]]>
              </value>
            </param>
            <param index="1">
              <value>
                <![CDATA[m]]>
              </value>
            </param>
            <param index="2">
              <value>
                <![CDATA[22/01/1997]]>
              </value>
            </param>
            <param index="3">
              <value>
                <![CDATA[Indore]]>
              </value>
            </param>
            <param index="4">
              <value>
                <![CDATA[Indore]]>
              </value>
            </param>
            <param index="5">
              <value>
                <![CDATA[Madhya Pradesh]]>
              </value>
            </param>
            <param index="6">
              <value>
                <![CDATA[302000]]>
              </value>
            </param>
            <param index="7">
              <value>
                <![CDATA[9080706050]]>
              </value>
            </param>
            <param index="8">
              <value>
                <![CDATA[pavan.sisodia@test.com]]>
              </value>
            </param>
            <param index="9">
              <value>
                <![CDATA[pavan123]]>
              </value>
            </param>
          </params>
          <reporter-output>
          </reporter-output>
        </test-method> <!-- validateNewCustomerForm -->
        <test-method status="PASS" signature="tearDown()[pri:0, instance:com.G99Bank.qa.Testcases.NewCustomerPageTest@464bee09]" name="tearDown" is-config="true" duration-ms="76" started-at="2019-03-28T07:08:19Z" finished-at="2019-03-28T07:08:19Z">
          <reporter-output>
          </reporter-output>
        </test-method> <!-- tearDown -->
        <test-method status="PASS" signature="setUp()[pri:0, instance:com.G99Bank.qa.Testcases.NewCustomerPageTest@464bee09]" name="setUp" is-config="true" duration-ms="9934" started-at="2019-03-28T07:08:19Z" finished-at="2019-03-28T07:08:29Z">
          <reporter-output>
          </reporter-output>
        </test-method> <!-- setUp -->
        <test-method status="PASS" signature="validateNewCustomerForm(java.lang.String, java.lang.String, java.lang.String, java.lang.String, java.lang.String, java.lang.String, java.lang.String, java.lang.String, java.lang.String, java.lang.String)[pri:3, instance:com.G99Bank.qa.Testcases.NewCustomerPageTest@464bee09]" name="validateNewCustomerForm" duration-ms="3014" started-at="2019-03-28T07:08:29Z" data-provider="getNewCustomerData" finished-at="2019-03-28T07:08:32Z">
          <params>
            <param index="0">
              <value>
                <![CDATA[babu shekhawat]]>
              </value>
            </param>
            <param index="1">
              <value>
                <![CDATA[m]]>
              </value>
            </param>
            <param index="2">
              <value>
                <![CDATA[01/01/1990]]>
              </value>
            </param>
            <param index="3">
              <value>
                <![CDATA[Jaipur]]>
              </value>
            </param>
            <param index="4">
              <value>
                <![CDATA[Jaipur]]>
              </value>
            </param>
            <param index="5">
              <value>
                <![CDATA[Rajasthan]]>
              </value>
            </param>
            <param index="6">
              <value>
                <![CDATA[302017]]>
              </value>
            </param>
            <param index="7">
              <value>
                <![CDATA[9988776655]]>
              </value>
            </param>
            <param index="8">
              <value>
                <![CDATA[babu.shekhawat@test.com]]>
              </value>
            </param>
            <param index="9">
              <value>
                <![CDATA[babu123]]>
              </value>
            </param>
          </params>
          <reporter-output>
          </reporter-output>
        </test-method> <!-- validateNewCustomerForm -->
        <test-method status="PASS" signature="tearDown()[pri:0, instance:com.G99Bank.qa.Testcases.NewCustomerPageTest@464bee09]" name="tearDown" is-config="true" duration-ms="82" started-at="2019-03-28T07:08:32Z" finished-at="2019-03-28T07:08:32Z">
          <reporter-output>
          </reporter-output>
        </test-method> <!-- tearDown -->
        <test-method status="PASS" signature="setUp()[pri:0, instance:com.G99Bank.qa.Testcases.NewCustomerPageTest@464bee09]" name="setUp" is-config="true" duration-ms="8909" started-at="2019-03-28T07:08:32Z" finished-at="2019-03-28T07:08:41Z">
          <reporter-output>
          </reporter-output>
        </test-method> <!-- setUp -->
        <test-method status="PASS" signature="validateNewCustomerForm(java.lang.String, java.lang.String, java.lang.String, java.lang.String, java.lang.String, java.lang.String, java.lang.String, java.lang.String, java.lang.String, java.lang.String)[pri:3, instance:com.G99Bank.qa.Testcases.NewCustomerPageTest@464bee09]" name="validateNewCustomerForm" duration-ms="2716" started-at="2019-03-28T07:08:41Z" data-provider="getNewCustomerData" finished-at="2019-03-28T07:08:43Z">
          <params>
            <param index="0">
              <value>
                <![CDATA[jagan singh]]>
              </value>
            </param>
            <param index="1">
              <value>
                <![CDATA[m]]>
              </value>
            </param>
            <param index="2">
              <value>
                <![CDATA[09/10/1995]]>
              </value>
            </param>
            <param index="3">
              <value>
                <![CDATA[Amritsar]]>
              </value>
            </param>
            <param index="4">
              <value>
                <![CDATA[Amritsar]]>
              </value>
            </param>
            <param index="5">
              <value>
                <![CDATA[Punjab]]>
              </value>
            </param>
            <param index="6">
              <value>
                <![CDATA[200001]]>
              </value>
            </param>
            <param index="7">
              <value>
                <![CDATA[7778886661]]>
              </value>
            </param>
            <param index="8">
              <value>
                <![CDATA[jagan.singh@test.com]]>
              </value>
            </param>
            <param index="9">
              <value>
                <![CDATA[jagan123]]>
              </value>
            </param>
          </params>
          <reporter-output>
          </reporter-output>
        </test-method> <!-- validateNewCustomerForm -->
        <test-method status="PASS" signature="tearDown()[pri:0, instance:com.G99Bank.qa.Testcases.NewCustomerPageTest@464bee09]" name="tearDown" is-config="true" duration-ms="135" started-at="2019-03-28T07:08:44Z" finished-at="2019-03-28T07:08:44Z">
          <reporter-output>
          </reporter-output>
        </test-method> <!-- tearDown -->
        <test-method status="PASS" signature="setUp()[pri:0, instance:com.G99Bank.qa.Testcases.NewCustomerPageTest@464bee09]" name="setUp" is-config="true" duration-ms="9104" started-at="2019-03-28T07:08:44Z" finished-at="2019-03-28T07:08:53Z">
          <reporter-output>
          </reporter-output>
        </test-method> <!-- setUp -->
        <test-method status="PASS" signature="validateNewCustomerForm(java.lang.String, java.lang.String, java.lang.String, java.lang.String, java.lang.String, java.lang.String, java.lang.String, java.lang.String, java.lang.String, java.lang.String)[pri:3, instance:com.G99Bank.qa.Testcases.NewCustomerPageTest@464bee09]" name="validateNewCustomerForm" duration-ms="2996" started-at="2019-03-28T07:08:53Z" data-provider="getNewCustomerData" finished-at="2019-03-28T07:08:56Z">
          <params>
            <param index="0">
              <value>
                <![CDATA[roja agarwal]]>
              </value>
            </param>
            <param index="1">
              <value>
                <![CDATA[f]]>
              </value>
            </param>
            <param index="2">
              <value>
                <![CDATA[07/11/1998]]>
              </value>
            </param>
            <param index="3">
              <value>
                <![CDATA[Pune]]>
              </value>
            </param>
            <param index="4">
              <value>
                <![CDATA[Pune]]>
              </value>
            </param>
            <param index="5">
              <value>
                <![CDATA[Maharashtra]]>
              </value>
            </param>
            <param index="6">
              <value>
                <![CDATA[400110]]>
              </value>
            </param>
            <param index="7">
              <value>
                <![CDATA[7689051234]]>
              </value>
            </param>
            <param index="8">
              <value>
                <![CDATA[roja.agarwal@test.com]]>
              </value>
            </param>
            <param index="9">
              <value>
                <![CDATA[roja123]]>
              </value>
            </param>
          </params>
          <reporter-output>
          </reporter-output>
        </test-method> <!-- validateNewCustomerForm -->
        <test-method status="PASS" signature="tearDown()[pri:0, instance:com.G99Bank.qa.Testcases.NewCustomerPageTest@464bee09]" name="tearDown" is-config="true" duration-ms="137" started-at="2019-03-28T07:08:56Z" finished-at="2019-03-28T07:08:56Z">
          <reporter-output>
          </reporter-output>
        </test-method> <!-- tearDown -->
      </class> <!-- com.G99Bank.qa.Testcases.NewCustomerPageTest -->
    </test> <!-- Default test -->
  </suite> <!-- Default suite -->
</testng-results>
